<?xml version="1.0" encoding="UTF-8"?>
<!-- Generated by org.testng.reporters.JUnitReportReporter -->
<testsuite hostname="KAVINESH-PC" name="sidenavigatebor.HomeWork" tests="2" failures="0" timestamp="19 Mar 2021 08:05:51 GMT" time="9.265" errors="0">
  <testcase name="SignIn" time="4.712" classname="sidenavigatebor.HomeWork"/>
  <testcase name="Homework" time="4.553" classname="sidenavigatebor.HomeWork"/>
</testsuite> <!-- sidenavigatebor.HomeWork -->
