<?xml version="1.0" encoding="UTF-8"?>
<!-- Generated by org.testng.reporters.JUnitReportReporter -->
<testsuite hostname="KAVINESH-PC" name="sidenavigatebor.Message" tests="3" failures="0" timestamp="19 Mar 2021 18:14:37 GMT" time="20.746" errors="0">
  <testcase name="SignIn" time="4.988" classname="sidenavigatebor.Message"/>
  <testcase name="composemessage" time="5.651" classname="sidenavigatebor.Message"/>
  <testcase name="SentMessage" time="10.107" classname="sidenavigatebor.Message"/>
</testsuite> <!-- sidenavigatebor.Message -->
