<?xml version="1.0" encoding="UTF-8"?>
<!-- Generated by org.testng.reporters.JUnitReportReporter -->
<testsuite hostname="KAVINESH-PC" name="sidenavigatebor.ListofSidebor" tests="2" failures="0" timestamp="19 Mar 2021 06:44:07 GMT" time="89.122" errors="0">
  <testcase name="SignIn" time="5.987" classname="sidenavigatebor.ListofSidebor"/>
  <testcase name="SideBor" time="83.135" classname="sidenavigatebor.ListofSidebor"/>
</testsuite> <!-- sidenavigatebor.ListofSidebor -->
