<?xml version="1.0" encoding="UTF-8"?>
<!-- Generated by org.testng.reporters.JUnitReportReporter -->
<testsuite hostname="KAVINESH-PC" name="sidenavigatebor.Event" tests="2" failures="0" timestamp="19 Mar 2021 16:25:33 GMT" time="8.960" errors="0">
  <testcase name="Events" time="2.433" classname="sidenavigatebor.Event"/>
  <testcase name="SignIn" time="6.527" classname="sidenavigatebor.Event"/>
</testsuite> <!-- sidenavigatebor.Event -->
