<?xml version="1.0" encoding="UTF-8"?>
<!-- Generated by org.testng.reporters.JUnitReportReporter -->
<testsuite hostname="KAVINESH-PC" name="sidenavigatebor.KnowledgeBase" tests="2" failures="0" timestamp="20 Mar 2021 03:02:04 GMT" time="7.918" errors="0">
  <testcase name="ClickArticles" time="4.670" classname="sidenavigatebor.KnowledgeBase"/>
  <testcase name="SignIn" time="3.248" classname="sidenavigatebor.KnowledgeBase"/>
</testsuite> <!-- sidenavigatebor.KnowledgeBase -->
