<?xml version="1.0" encoding="UTF-8"?>
<!-- Generated by org.testng.reporters.JUnitReportReporter -->
<testsuite hostname="KAVINESH-PC" name="sidenavigatebor.Fee" tests="5" failures="0" timestamp="19 Mar 2021 09:04:24 GMT" time="19.138" errors="0">
  <testcase name="Printfee" time="3.164" classname="sidenavigatebor.Fee"/>
  <testcase name="Paynow" time="2.635" classname="sidenavigatebor.Fee"/>
  <testcase name="Viewmiscfine" time="1.780" classname="sidenavigatebor.Fee"/>
  <testcase name="SignIn" time="7.811" classname="sidenavigatebor.Fee"/>
  <testcase name="ViewfeeDtails" time="3.748" classname="sidenavigatebor.Fee"/>
</testsuite> <!-- sidenavigatebor.Fee -->
