<?xml version="1.0" encoding="UTF-8"?>
<!-- Generated by org.testng.reporters.JUnitReportReporter -->
<testsuite hostname="KAVINESH-PC" name="homePage.Home" tests="2" failures="0" timestamp="18 Mar 2021 18:42:39 GMT" time="11.661" errors="0">
  <testcase name="Homepagecontainer" time="6.398" classname="homePage.Home"/>
  <testcase name="SignIn" time="5.263" classname="homePage.Home"/>
</testsuite> <!-- homePage.Home -->
