<?xml version="1.0" encoding="UTF-8"?>
<!-- Generated by org.testng.reporters.JUnitReportReporter -->
<testsuite hostname="KAVINESH-PC" name="sidenavigatebor.StudyMaterial" tests="3" failures="0" timestamp="19 Mar 2021 16:44:53 GMT" time="16.655" errors="0">
  <testcase name="SignIn" time="6.160" classname="sidenavigatebor.StudyMaterial"/>
  <testcase name="Tutorial" time="6.223" classname="sidenavigatebor.StudyMaterial"/>
  <testcase name="Booklet" time="4.272" classname="sidenavigatebor.StudyMaterial"/>
</testsuite> <!-- sidenavigatebor.StudyMaterial -->
