<?xml version="1.0" encoding="UTF-8"?>
<!-- Generated by org.testng.reporters.JUnitReportReporter -->
<testsuite hostname="KAVINESH-PC" name="sidenavigatebor.LateAttendanceSubmission" tests="2" failures="0" timestamp="19 Mar 2021 07:58:26 GMT" time="12.656" errors="0">
  <testcase name="SignIn" time="4.647" classname="sidenavigatebor.LateAttendanceSubmission"/>
  <testcase name="Lateattendance" time="8.009" classname="sidenavigatebor.LateAttendanceSubmission"/>
</testsuite> <!-- sidenavigatebor.LateAttendanceSubmission -->
