<?xml version="1.0" encoding="UTF-8"?>
<!-- Generated by org.testng.reporters.JUnitReportReporter -->
<testsuite hostname="KAVINESH-PC" name="homePage.HideValue" tests="2" failures="0" timestamp="19 Mar 2021 11:27:07 GMT" time="11.241" errors="0">
  <testcase name="SideBar" time="7.328" classname="homePage.HideValue"/>
  <testcase name="SignIn" time="3.913" classname="homePage.HideValue"/>
</testsuite> <!-- homePage.HideValue -->
