<?xml version="1.0" encoding="UTF-8"?>
<!-- Generated by org.testng.reporters.JUnitReportReporter -->
<testsuite hostname="KAVINESH-PC" name="sidenavigatebor.LeaveDetails" tests="3" failures="0" timestamp="20 Mar 2021 03:15:42 GMT" time="16.009" errors="0">
  <testcase name="LeaveList" time="2.122" classname="sidenavigatebor.LeaveDetails"/>
  <testcase name="SignIn" time="8.833" classname="sidenavigatebor.LeaveDetails"/>
  <testcase name="SendleaveRequest" time="5.054" classname="sidenavigatebor.LeaveDetails"/>
</testsuite> <!-- sidenavigatebor.LeaveDetails -->
