<?xml version="1.0" encoding="UTF-8"?>
<!-- Generated by org.testng.reporters.JUnitReportReporter -->
<testsuite hostname="KAVINESH-PC" name="sidenavigatebor.Attendance" tests="2" failures="0" timestamp="21 Mar 2021 15:54:17 GMT" time="17.733" errors="0">
  <testcase name="SignIn" time="7.854" classname="sidenavigatebor.Attendance"/>
  <testcase name="AttendanceDetails" time="9.879" classname="sidenavigatebor.Attendance"/>
</testsuite> <!-- sidenavigatebor.Attendance -->
