<?xml version="1.0" encoding="UTF-8"?>
<!-- Generated by org.testng.reporters.JUnitReportReporter -->
<testsuite hostname="KAVINESH-PC" name="sidenavigatebor.MesagesendTeacherandDriver" tests="2" failures="0" timestamp="19 Mar 2021 18:47:50 GMT" time="9.611" errors="0">
  <testcase name="SignIn" time="3.435" classname="sidenavigatebor.MesagesendTeacherandDriver"/>
  <testcase name="MessagesendTeacher" time="6.176" classname="sidenavigatebor.MesagesendTeacherandDriver"/>
</testsuite> <!-- sidenavigatebor.MesagesendTeacherandDriver -->
