<?xml version="1.0" encoding="UTF-8"?>
<!-- Generated by org.testng.reporters.JUnitReportReporter -->
<testsuite hostname="KAVINESH-PC" name="TestNG.AlwaysRun" tests="2" failures="0" timestamp="4 May 2021 18:28:12 GMT" time="1.018" errors="1">
  <testcase name="TakePermission" time="0.007" classname="TestNG.AlwaysRun"/>
  <testcase name="AllowPermission" time="1.011" classname="TestNG.AlwaysRun">
    <error type="org.testng.internal.thread.ThreadTimeoutException" message="Method org.testng.internal.TestNGMethod.AllowPermission() didn&#039;t finish within the time-out 1000">
      <![CDATA[org.testng.internal.thread.ThreadTimeoutException: Method org.testng.internal.TestNGMethod.AllowPermission() didn't finish within the time-out 1000
]]>
    </error>
  </testcase> <!-- AllowPermission -->
</testsuite> <!-- TestNG.AlwaysRun -->
