<?xml version="1.0" encoding="UTF-8"?>
<!-- Generated by org.testng.reporters.JUnitReportReporter -->
<testsuite hostname="KAVINESH-PC" name="suite.SearchEngine2" tests="3" failures="0" timestamp="4 May 2021 18:28:12 GMT" time="50.461" errors="0">
  <testcase name="OpenGoogle" time="20.156" classname="suite.SearchEngine2"/>
  <testcase name="OpenYahoo" time="24.002" classname="suite.SearchEngine2"/>
  <testcase name="OpenBing" time="6.303" classname="suite.SearchEngine2"/>
</testsuite> <!-- suite.SearchEngine2 -->
