<?xml version="1.0" encoding="UTF-8"?>
<!-- Generated by org.testng.reporters.JUnitReportReporter -->
<testsuite hostname="KAVINESH-PC" name="TestNG.Test1" tests="1" failures="0" timestamp="5 May 2021 10:51:26 GMT" time="13.780" errors="0">
  <testcase name="test" time="13.780" classname="TestNG.Test1"/>
</testsuite> <!-- TestNG.Test1 -->
