<?xml version="1.0" encoding="UTF-8"?>
<!-- Generated by org.testng.reporters.JUnitReportReporter -->
<testsuite hostname="KAVINESH-PC" name="TestNG.GroupMethod" tests="8" failures="0" timestamp="5 Jul 2021 05:15:44 GMT" time="0.101" errors="0">
  <testcase name="V3Pro" time="0.007" classname="TestNG.GroupMethod"/>
  <testcase name="IphoneX" time="0.014" classname="TestNG.GroupMethod"/>
  <testcase name="IphoneXpro" time="0.010" classname="TestNG.GroupMethod"/>
  <testcase name="Reno3Pro" time="0.003" classname="TestNG.GroupMethod"/>
  <testcase name="GalaxyF62" time="0.003" classname="TestNG.GroupMethod"/>
  <testcase name="Reno3" time="0.022" classname="TestNG.GroupMethod"/>
  <testcase name="GalaxyF41" time="0.034" classname="TestNG.GroupMethod"/>
  <testcase name="V3" time="0.008" classname="TestNG.GroupMethod"/>
</testsuite> <!-- TestNG.GroupMethod -->
