<?xml version="1.0" encoding="UTF-8"?>
<!-- Generated by org.testng.reporters.JUnitReportReporter -->
<testsuite hostname="KAVINESH-PC" name="TestNG.HierarchyTest" tests="2" failures="0" timestamp="5 Jul 2021 05:21:14 GMT" time="0.047" errors="0">
  <testcase name="Test1" time="0.044" classname="TestNG.HierarchyTest"/>
  <testcase name="Test2" time="0.003" classname="TestNG.HierarchyTest"/>
</testsuite> <!-- TestNG.HierarchyTest -->
