<?xml version="1.0" encoding="UTF-8"?>
<!-- Generated by org.testng.reporters.JUnitReportReporter -->
<testsuite hostname="KAVINESH-PC" name="TestNG.MultipleTime" tests="3" failures="0" timestamp="6 May 2021 18:09:06 GMT" time="0.043" errors="0">
  <testcase name="sample" time="0.003" classname="TestNG.MultipleTime"/>
  <testcase name="sample" time="0.006" classname="TestNG.MultipleTime"/>
  <testcase name="sample" time="0.034" classname="TestNG.MultipleTime"/>
</testsuite> <!-- TestNG.MultipleTime -->
