<?xml version="1.0" encoding="UTF-8"?>
<!-- Generated by org.testng.reporters.JUnitReportReporter -->
<testsuite hostname="KAVINESH-PC" name="TestNG.ReduceExecuteTime" tests="3" failures="0" timestamp="5 May 2021 11:36:35 GMT" time="25.105" errors="0">
  <testcase name="OpenGoogle" time="4.054" classname="TestNG.ReduceExecuteTime"/>
  <testcase name="OpenBing" time="1.854" classname="TestNG.ReduceExecuteTime"/>
  <testcase name="OpenYahoo" time="19.197" classname="TestNG.ReduceExecuteTime"/>
</testsuite> <!-- TestNG.ReduceExecuteTime -->
