<?xml version="1.0" encoding="UTF-8"?>
<!-- Generated by org.testng.reporters.JUnitReportReporter -->
<testsuite hostname="KAVINESH-PC" name="suite.SearchEngine" tests="2" failures="0" timestamp="5 Jul 2021 20:03:08 GMT" time="35.474" errors="0">
  <testcase name="OpenYahoo" time="32.822" classname="suite.SearchEngine"/>
  <testcase name="OpenBing" time="2.652" classname="suite.SearchEngine"/>
</testsuite> <!-- suite.SearchEngine -->
