<?xml version="1.0" encoding="UTF-8"?>
<!-- Generated by org.testng.reporters.JUnitReportReporter -->
<testsuite hostname="KAVINESH-PC" name="suite.SearchEngine" tests="2" failures="0" timestamp="4 May 2021 18:28:12 GMT" time="14.550" errors="0">
  <testcase name="OpenYahoo" time="13.359" classname="suite.SearchEngine"/>
  <testcase name="OpenBing" time="1.191" classname="suite.SearchEngine"/>
</testsuite> <!-- suite.SearchEngine -->
