<?xml version="1.0" encoding="UTF-8"?>
<!-- Generated by org.testng.reporters.JUnitReportReporter -->
<testsuite hostname="KAVINESH-PC" name="TestNG.HierarchyTest" tests="2" failures="0" timestamp="17 Jun 2021 11:10:08 GMT" time="0.036" errors="0">
  <testcase name="Test1" time="0.014" classname="TestNG.HierarchyTest"/>
  <testcase name="Test2" time="0.022" classname="TestNG.HierarchyTest"/>
</testsuite> <!-- TestNG.HierarchyTest -->
