<?xml version="1.0" encoding="UTF-8"?>
<!-- Generated by org.testng.reporters.JUnitReportReporter -->
<testsuite hostname="KAVINESH-PC" name="suite.SearchEngine2" tests="3" failures="0" timestamp="5 Jul 2021 05:12:29 GMT" time="122.925" errors="0">
  <testcase name="OpenGoogle" time="31.845" classname="suite.SearchEngine2"/>
  <testcase name="OpenYahoo" time="66.934" classname="suite.SearchEngine2"/>
  <testcase name="OpenBing" time="24.146" classname="suite.SearchEngine2"/>
</testsuite> <!-- suite.SearchEngine2 -->
