<?xml version="1.0" encoding="UTF-8"?>
<!-- Generated by org.testng.reporters.JUnitReportReporter -->
<testsuite hostname="KAVINESH-PC" name="TestNG.TimeOut" tests="1" failures="0" timestamp="5 May 2021 10:51:26 GMT" time="0.041" errors="0">
  <testcase name="sample" time="0.041" classname="TestNG.TimeOut"/>
</testsuite> <!-- TestNG.TimeOut -->
