<?xml version="1.0" encoding="UTF-8"?>
<!-- Generated by org.testng.reporters.JUnitReportReporter -->
<testsuite hostname="KAVINESH-PC" name="TestNG.GetExecuteTime" tests="3" failures="0" timestamp="5 May 2021 11:36:35 GMT" time="60.634" errors="0">
  <testcase name="OpenYahoo" time="37.040" classname="TestNG.GetExecuteTime"/>
  <testcase name="OpenGoogle" time="11.689" classname="TestNG.GetExecuteTime"/>
  <testcase name="OpenBing" time="11.905" classname="TestNG.GetExecuteTime"/>
</testsuite> <!-- TestNG.GetExecuteTime -->
