<?xml version="1.0" encoding="UTF-8"?>
<!-- Generated by org.testng.reporters.JUnitReportReporter -->
<testsuite hostname="KAVINESH-PC" name="xpath.ElementAndAttributes" tests="1" failures="0" timestamp="3 Mar 2021 17:38:17 GMT" time="2.672" errors="0">
  <testcase name="SignIn5" time="2.672" classname="xpath.ElementAndAttributes"/>
</testsuite> <!-- xpath.ElementAndAttributes -->
