<?xml version="1.0" encoding="UTF-8"?>
<!-- Generated by org.testng.reporters.JUnitReportReporter -->
<testsuite hostname="KAVINESH-PC" name="xpath.Flipkart" tests="2" failures="0" timestamp="27 Apr 2021 06:21:55 GMT" time="88.428" errors="0">
  <testcase name="AddToCartMobile" time="36.621" classname="xpath.Flipkart"/>
  <testcase name="BuynowMoblie" time="51.807" classname="xpath.Flipkart"/>
</testsuite> <!-- xpath.Flipkart -->
