<?xml version="1.0" encoding="UTF-8"?>
<!-- Generated by org.testng.reporters.JUnitReportReporter -->
<testsuite hostname="KAVINESH-PC" name="xpath.Task1" tests="1" failures="0" timestamp="24 Apr 2021 05:05:47 GMT" time="17.758" errors="0">
  <testcase name="ParveenTraveles" time="17.758" classname="xpath.Task1"/>
</testsuite> <!-- xpath.Task1 -->
