<?xml version="1.0" encoding="UTF-8"?>
<!-- Generated by org.testng.reporters.JUnitReportReporter -->
<testsuite hostname="KAVINESH-PC" name="xpath.ParveenTravels" tests="2" failures="0" timestamp="24 Apr 2021 07:30:44 GMT" time="1.812" errors="0">
  <testcase name="To_address" time="0.743" classname="xpath.ParveenTravels"/>
  <testcase name="From_address" time="1.069" classname="xpath.ParveenTravels"/>
</testsuite> <!-- xpath.ParveenTravels -->
