<?xml version="1.0" encoding="UTF-8"?>
<!-- Generated by org.testng.reporters.JUnitReportReporter -->
<testsuite hostname="KAVINESH-PC" name="Task1.TaskParallel" tests="2" failures="0" timestamp="2 Mar 2021 11:45:23 GMT" time="58.387" errors="0">
  <testcase name="AdminSearchUser" time="29.054" classname="Task1.TaskParallel"/>
  <testcase name="AdminAddUser" time="29.333" classname="Task1.TaskParallel"/>
</testsuite> <!-- Task1.TaskParallel -->
