<?xml version="1.0" encoding="UTF-8"?>
<!-- Generated by org.testng.reporters.JUnitReportReporter -->
<testsuite hostname="KAVINESH-PC" name="task.WebApplication1" tests="3" failures="0" timestamp="26 Feb 2021 11:13:59 GMT" time="127.908" errors="0">
  <testcase name="OrangeHRM" time="41.845" classname="task.WebApplication1"/>
  <testcase name="GoogleMap" time="43.081" classname="task.WebApplication1"/>
  <testcase name="W3school" time="42.982" classname="task.WebApplication1"/>
</testsuite> <!-- task.WebApplication1 -->
