<?xml version="1.0" encoding="UTF-8"?>
<!-- Generated by org.testng.reporters.JUnitReportReporter -->
<testsuite hostname="KAVINESH-PC" name="task.WebApplication" tests="2" failures="0" timestamp="11 May 2021 12:22:08 GMT" time="9.748" errors="0">
  <testcase name="W3school" time="6.570" classname="task.WebApplication"/>
  <testcase name="GoogleMap" time="3.178" classname="task.WebApplication"/>
</testsuite> <!-- task.WebApplication -->
