<?xml version="1.0" encoding="UTF-8"?>
<!-- Generated by org.testng.reporters.JUnitReportReporter -->
<testsuite hostname="KAVINESH-PC" name="dashboard.AllStudent" tests="12" failures="0" timestamp="21 Mar 2021 11:48:09 GMT" time="61.790" errors="0">
  <testcase name="GuardianDetails" time="1.021" classname="dashboard.AllStudent"/>
  <testcase name="Exportfile" time="9.858" classname="dashboard.AllStudent"/>
  <testcase name="PresentAddress" time="3.011" classname="dashboard.AllStudent"/>
  <testcase name="ClickEditnoChanges" time="7.530" classname="dashboard.AllStudent"/>
  <testcase name="TransportDetails" time="0.609" classname="dashboard.AllStudent"/>
  <testcase name="StudentPhotoandStatus" time="9.254" classname="dashboard.AllStudent"/>
  <testcase name="Clickeditwithchanges" time="19.204" classname="dashboard.AllStudent"/>
  <testcase name="DocumentAttachments" time="1.286" classname="dashboard.AllStudent"/>
  <testcase name="PermanentAddress" time="3.749" classname="dashboard.AllStudent"/>
  <testcase name="OtherDetails" time="0.969" classname="dashboard.AllStudent"/>
  <testcase name="SignIn" time="3.745" classname="dashboard.AllStudent"/>
  <testcase name="ParentsDetails" time="1.554" classname="dashboard.AllStudent"/>
</testsuite> <!-- dashboard.AllStudent -->
