<?xml version="1.0" encoding="UTF-8"?>
<!-- Generated by org.testng.reporters.JUnitReportReporter -->
<testsuite hostname="KAVINESH-PC" name="dashboard.TotalClass" tests="5" failures="0" timestamp="22 Mar 2021 04:05:14 GMT" time="22.895" errors="0">
  <testcase name="EditSubject" time="4.484" classname="dashboard.TotalClass"/>
  <testcase name="SignIn" time="5.857" classname="dashboard.TotalClass"/>
  <testcase name="ResetSubject" time="7.237" classname="dashboard.TotalClass"/>
  <testcase name="DeleteSubject" time="0.848" classname="dashboard.TotalClass"/>
  <testcase name="SaveSubject" time="4.469" classname="dashboard.TotalClass"/>
</testsuite> <!-- dashboard.TotalClass -->
