<?xml version="1.0" encoding="UTF-8"?>
<!-- Generated by org.testng.reporters.JUnitReportReporter -->
<testsuite hostname="KAVINESH-PC" name="homePage.Dashboard" tests="10" failures="0" timestamp="21 Mar 2021 07:58:39 GMT" time="49.424" errors="0">
  <testcase name="ClickEditnoChanges" time="5.795" classname="homePage.Dashboard"/>
  <testcase name="ParentsDetails" time="1.480" classname="homePage.Dashboard"/>
  <testcase name="StudentRecord" time="9.412" classname="homePage.Dashboard"/>
  <testcase name="PresentAddress" time="2.741" classname="homePage.Dashboard"/>
  <testcase name="Clickeditwithchanges" time="18.996" classname="homePage.Dashboard"/>
  <testcase name="SignIn" time="5.202" classname="homePage.Dashboard"/>
  <testcase name="PermanentAddress" time="3.039" classname="homePage.Dashboard"/>
  <testcase name="TransportDetails" time="0.668" classname="homePage.Dashboard"/>
  <testcase name="GuardianDetails" time="0.981" classname="homePage.Dashboard"/>
  <testcase name="OtherDetails" time="1.110" classname="homePage.Dashboard"/>
</testsuite> <!-- homePage.Dashboard -->
