<?xml version="1.0" encoding="UTF-8"?>
<!-- Generated by org.testng.reporters.JUnitReportReporter -->
<testsuite hostname="KAVINESH-PC" name="homePage.DashboardandPayfee" tests="2" failures="0" timestamp="20 Mar 2021 07:32:59 GMT" time="34.935" errors="0">
  <testcase name="DashBoard" time="28.058" classname="homePage.DashboardandPayfee"/>
  <testcase name="SignIn" time="6.877" classname="homePage.DashboardandPayfee"/>
</testsuite> <!-- homePage.DashboardandPayfee -->
