<?xml version="1.0" encoding="UTF-8"?>
<!-- Generated by org.testng.reporters.JUnitReportReporter -->
<testsuite hostname="KAVINESH-PC" name="dashboard.StudentSearch" tests="2" failures="0" timestamp="21 Mar 2021 18:54:20 GMT" time="15.220" errors="0">
  <testcase name="ClickStudentsearch" time="9.191" classname="dashboard.StudentSearch"/>
  <testcase name="SignIn" time="6.029" classname="dashboard.StudentSearch"/>
</testsuite> <!-- dashboard.StudentSearch -->
