<?xml version="1.0" encoding="UTF-8"?>
<!-- Generated by org.testng.reporters.JUnitReportReporter -->
<testsuite hostname="KAVINESH-PC" name="dashboard.AllStudent1" tests="7" failures="0" timestamp="21 Mar 2021 18:30:23 GMT" time="45.633" errors="0">
  <testcase name="ClickView" time="1.125" classname="dashboard.AllStudent1"/>
  <testcase name="ClickissueTC" time="7.502" classname="dashboard.AllStudent1"/>
  <testcase name="ClickDelete" time="0.662" classname="dashboard.AllStudent1"/>
  <testcase name="StudentRecord" time="11.979" classname="dashboard.AllStudent1"/>
  <testcase name="Clickfee" time="11.464" classname="dashboard.AllStudent1"/>
  <testcase name="SignIn" time="4.100" classname="dashboard.AllStudent1"/>
  <testcase name="ClickAttendance" time="8.801" classname="dashboard.AllStudent1"/>
</testsuite> <!-- dashboard.AllStudent1 -->
