<?xml version="1.0" encoding="UTF-8"?>
<!-- Generated by org.testng.reporters.JUnitReportReporter -->
<testsuite hostname="KAVINESH-PC" name="knowledgeBase.KnowledgeBase" tests="2" failures="0" timestamp="24 Mar 2021 11:44:41 GMT" time="25.755" errors="0">
  <testcase name="CreateCategory" time="19.080" classname="knowledgeBase.KnowledgeBase"/>
  <testcase name="SignIn" time="6.675" classname="knowledgeBase.KnowledgeBase"/>
</testsuite> <!-- knowledgeBase.KnowledgeBase -->
