<?xml version="1.0" encoding="UTF-8"?>
<!-- Generated by org.testng.reporters.JUnitReportReporter -->
<testsuite hostname="KAVINESH-PC" name="datadriven.LoginTestng" tests="3" failures="0" timestamp="3 May 2021 16:06:10 GMT" time="69.596" errors="0">
  <testcase name="LogIn" time="43.207" classname="datadriven.LoginTestng"/>
  <testcase name="LogIn" time="13.688" classname="datadriven.LoginTestng"/>
  <testcase name="LogIn" time="12.701" classname="datadriven.LoginTestng"/>
</testsuite> <!-- datadriven.LoginTestng -->
