<?xml version="1.0" encoding="UTF-8"?>
<!-- Generated by org.testng.reporters.JUnitReportReporter -->
<testsuite hostname="KAVINESH-PC" name="usingPagefactory.LoginPage" tests="1" failures="0" timestamp="10 May 2021 17:20:50 GMT" time="9.029" errors="0">
  <testcase name="Login" time="9.029" classname="usingPagefactory.LoginPage"/>
</testsuite> <!-- usingPagefactory.LoginPage -->
