<?xml version="1.0" encoding="UTF-8"?>
<!-- Generated by org.testng.reporters.JUnitReportReporter -->
<testsuite hostname="KAVINESH-PC" name="testCase_GeneralStudies_Politics.FundamentalRights_TestCase" tests="1" failures="0" timestamp="24 Jun 2021 18:29:48 GMT" time="0.973" errors="0">
  <testcase name="FundamentalRights" time="0.973" classname="testCase_GeneralStudies_Politics.FundamentalRights_TestCase"/>
</testsuite> <!-- testCase_GeneralStudies_Politics.FundamentalRights_TestCase -->
