<?xml version="1.0" encoding="UTF-8"?>
<!-- Generated by org.testng.reporters.JUnitReportReporter -->
<testsuite hostname="KAVINESH-PC" name="testCase_GeneralStudies_History.SwadeshiMovement_TestCase" tests="1" failures="0" timestamp="24 Jun 2021 18:23:33 GMT" time="1.467" errors="0">
  <testcase name="SwadeshiMovement" time="1.467" classname="testCase_GeneralStudies_History.SwadeshiMovement_TestCase"/>
</testsuite> <!-- testCase_GeneralStudies_History.SwadeshiMovement_TestCase -->
