<?xml version="1.0" encoding="UTF-8"?>
<!-- Generated by org.testng.reporters.JUnitReportReporter -->
<testsuite hostname="KAVINESH-PC" name="testCase_LanguageMaterial_PartA.InfinitiveGerundParticiple_TestCase" tests="1" failures="0" timestamp="24 Jun 2021 18:41:36 GMT" time="2.273" errors="0">
  <testcase name="InfinitiveGerundParticiple" time="2.273" classname="testCase_LanguageMaterial_PartA.InfinitiveGerundParticiple_TestCase"/>
</testsuite> <!-- testCase_LanguageMaterial_PartA.InfinitiveGerundParticiple_TestCase -->
