<?xml version="1.0" encoding="UTF-8"?>
<!-- Generated by org.testng.reporters.JUnitReportReporter -->
<testsuite hostname="KAVINESH-PC" name="testCase_CurrentAffairMaterials.Material_November2020_TestCase" tests="1" failures="0" timestamp="24 Jun 2021 18:14:03 GMT" time="18.576" errors="0">
  <testcase name="Novermber2020_Material" time="18.576" classname="testCase_CurrentAffairMaterials.Material_November2020_TestCase"/>
</testsuite> <!-- testCase_CurrentAffairMaterials.Material_November2020_TestCase -->
