<?xml version="1.0" encoding="UTF-8"?>
<!-- Generated by org.testng.reporters.JUnitReportReporter -->
<testsuite hostname="KAVINESH-PC" name="testCase_PreviousYearQuestionPapers.Question_11_2019_TestCase" tests="1" failures="0" timestamp="24 Jun 2021 18:48:10 GMT" time="0.266" errors="0">
  <testcase name="Question_11_2019" time="0.266" classname="testCase_PreviousYearQuestionPapers.Question_11_2019_TestCase"/>
</testsuite> <!-- testCase_PreviousYearQuestionPapers.Question_11_2019_TestCase -->
