<?xml version="1.0" encoding="UTF-8"?>
<!-- Generated by org.testng.reporters.JUnitReportReporter -->
<testsuite hostname="KAVINESH-PC" name="testCase_LanguageMaterial_PartB.QuestionontheBiography_TestCase" tests="1" failures="0" timestamp="24 Jun 2021 18:44:34 GMT" time="1.439" errors="0">
  <testcase name="QuestionontheBiography" time="1.439" classname="testCase_LanguageMaterial_PartB.QuestionontheBiography_TestCase"/>
</testsuite> <!-- testCase_LanguageMaterial_PartB.QuestionontheBiography_TestCase -->
