<?xml version="1.0" encoding="UTF-8"?>
<!-- Generated by org.testng.reporters.JUnitReportReporter -->
<testsuite hostname="KAVINESH-PC" name="testCase_LanguageMaterial_PartA.PrefixandSuffix_TestCase" tests="1" failures="0" timestamp="24 Jun 2021 18:41:36 GMT" time="2.108" errors="0">
  <testcase name="PrefixandSuffix" time="2.108" classname="testCase_LanguageMaterial_PartA.PrefixandSuffix_TestCase"/>
</testsuite> <!-- testCase_LanguageMaterial_PartA.PrefixandSuffix_TestCase -->
