<?xml version="1.0" encoding="UTF-8"?>
<!-- Generated by org.testng.reporters.JUnitReportReporter -->
<testsuite hostname="KAVINESH-PC" name="testCase_VidhvaasModelQuestions.ModelQuestions_2_TestCase" tests="1" failures="0" timestamp="24 Jun 2021 18:49:40 GMT" time="0.260" errors="0">
  <testcase name="ModelQuestions_2" time="0.260" classname="testCase_VidhvaasModelQuestions.ModelQuestions_2_TestCase"/>
</testsuite> <!-- testCase_VidhvaasModelQuestions.ModelQuestions_2_TestCase -->
