<?xml version="1.0" encoding="UTF-8"?>
<!-- Generated by org.testng.reporters.JUnitReportReporter -->
<testsuite hostname="KAVINESH-PC" name="testCase_VidhvaasModelQuestions.ModelQuestions_5_TestCase" tests="1" failures="0" timestamp="24 Jun 2021 18:49:40 GMT" time="0.233" errors="0">
  <testcase name="ModelQuestions_5" time="0.233" classname="testCase_VidhvaasModelQuestions.ModelQuestions_5_TestCase"/>
</testsuite> <!-- testCase_VidhvaasModelQuestions.ModelQuestions_5_TestCase -->
