<?xml version="1.0" encoding="UTF-8"?>
<!-- Generated by org.testng.reporters.JUnitReportReporter -->
<testsuite hostname="KAVINESH-PC" name="testCase_LanguageMaterial_PartA.QuestionTag_TestCase" tests="1" failures="0" timestamp="24 Jun 2021 18:41:36 GMT" time="1.945" errors="0">
  <testcase name="QuestionTag" time="1.945" classname="testCase_LanguageMaterial_PartA.QuestionTag_TestCase"/>
</testsuite> <!-- testCase_LanguageMaterial_PartA.QuestionTag_TestCase -->
