<?xml version="1.0" encoding="UTF-8"?>
<!-- Generated by org.testng.reporters.JUnitReportReporter -->
<testsuite hostname="KAVINESH-PC" name="testCase_GeneralStudies_Economics.SocialSectorProblemsPopulationEducationHealthEmploymentPoverty_TestCase" tests="1" failures="0" timestamp="24 Jun 2021 18:19:01 GMT" time="1.379" errors="0">
  <testcase name="SocialSectorProblemsPopulationEducationHealthEmploymentPoverty" time="1.379" classname="testCase_GeneralStudies_Economics.SocialSectorProblemsPopulationEducationHealthEmploymentPoverty_TestCase"/>
</testsuite> <!-- testCase_GeneralStudies_Economics.SocialSectorProblemsPopulationEducationHealthEmploymentPoverty_TestCase -->
