<?xml version="1.0" encoding="UTF-8"?>
<!-- Generated by org.testng.reporters.JUnitReportReporter -->
<testsuite hostname="KAVINESH-PC" name="testCase_GeneralStudies_History.SelfRespectMovement_TestCase" tests="1" failures="0" timestamp="24 Jun 2021 18:23:33 GMT" time="13.490" errors="0">
  <testcase name="SelfRespectMovement" time="13.490" classname="testCase_GeneralStudies_History.SelfRespectMovement_TestCase"/>
</testsuite> <!-- testCase_GeneralStudies_History.SelfRespectMovement_TestCase -->
