<?xml version="1.0" encoding="UTF-8"?>
<!-- Generated by org.testng.reporters.JUnitReportReporter -->
<testsuite hostname="KAVINESH-PC" name="testCase_CurrentAffairMaterials.Material_January2021_TestCase" tests="1" failures="0" timestamp="24 Jun 2021 18:14:04 GMT" time="0.299" errors="0">
  <testcase name="Material_January2021" time="0.299" classname="testCase_CurrentAffairMaterials.Material_January2021_TestCase"/>
</testsuite> <!-- testCase_CurrentAffairMaterials.Material_January2021_TestCase -->
