<?xml version="1.0" encoding="UTF-8"?>
<!-- Generated by org.testng.reporters.JUnitReportReporter -->
<testsuite hostname="KAVINESH-PC" name="testCase_LanguageMaterial_PartC.MatchthePoemswiththePoets_TestCase" tests="1" failures="0" timestamp="24 Jun 2021 18:46:36 GMT" time="13.514" errors="0">
  <testcase name="MatchthePoemswiththePoets" time="13.514" classname="testCase_LanguageMaterial_PartC.MatchthePoemswiththePoets_TestCase"/>
</testsuite> <!-- testCase_LanguageMaterial_PartC.MatchthePoemswiththePoets_TestCase -->
