<?xml version="1.0" encoding="UTF-8"?>
<!-- Generated by org.testng.reporters.JUnitReportReporter -->
<testsuite hostname="KAVINESH-PC" name="testCase_GeneralStudies_History.Pallavas_PandyasPeirod_TestCase" tests="1" failures="0" timestamp="24 Jun 2021 18:23:33 GMT" time="1.279" errors="0">
  <testcase name="Pallavas_PandyasPeirod" time="1.279" classname="testCase_GeneralStudies_History.Pallavas_PandyasPeirod_TestCase"/>
</testsuite> <!-- testCase_GeneralStudies_History.Pallavas_PandyasPeirod_TestCase -->
