<?xml version="1.0" encoding="UTF-8"?>
<!-- Generated by org.testng.reporters.JUnitReportReporter -->
<testsuite hostname="KAVINESH-PC" name="testCase_CurrentAffairMaterials.PracticeQuestion_November2020_TestCase" tests="1" failures="0" timestamp="24 Jun 2021 18:14:04 GMT" time="0.222" errors="0">
  <testcase name="PracticeQuestion_November2020" time="0.222" classname="testCase_CurrentAffairMaterials.PracticeQuestion_November2020_TestCase"/>
</testsuite> <!-- testCase_CurrentAffairMaterials.PracticeQuestion_November2020_TestCase -->
