<?xml version="1.0" encoding="UTF-8"?>
<!-- Generated by org.testng.reporters.JUnitReportReporter -->
<testsuite hostname="KAVINESH-PC" name="testCase_LanguageMaterial_PartB.KarlPaulnacks_TestCase" tests="1" failures="0" timestamp="24 Jun 2021 18:44:34 GMT" time="1.198" errors="0">
  <testcase name="KarlPaulnacks" time="1.198" classname="testCase_LanguageMaterial_PartB.KarlPaulnacks_TestCase"/>
</testsuite> <!-- testCase_LanguageMaterial_PartB.KarlPaulnacks_TestCase -->
