<?xml version="1.0" encoding="UTF-8"?>
<!-- Generated by org.testng.reporters.JUnitReportReporter -->
<testsuite hostname="KAVINESH-PC" name="testCase_GeneralStudies_Economics.EconomicTrendsinTamilnadu_TestCase" tests="1" failures="0" timestamp="24 Jun 2021 18:19:01 GMT" time="11.572" errors="0">
  <testcase name="EconomicTrendsinTamilnadu" time="11.572" classname="testCase_GeneralStudies_Economics.EconomicTrendsinTamilnadu_TestCase"/>
</testsuite> <!-- testCase_GeneralStudies_Economics.EconomicTrendsinTamilnadu_TestCase -->
