<?xml version="1.0" encoding="UTF-8"?>
<!-- Generated by org.testng.reporters.JUnitReportReporter -->
<testsuite hostname="KAVINESH-PC" name="testCase_GeneralStudies_Mathematics.Material_TimeandDistance_Testcase" tests="1" failures="0" timestamp="24 Jun 2021 18:25:21 GMT" time="1.696" errors="0">
  <testcase name="TimeandDistance" time="1.696" classname="testCase_GeneralStudies_Mathematics.Material_TimeandDistance_Testcase"/>
</testsuite> <!-- testCase_GeneralStudies_Mathematics.Material_TimeandDistance_Testcase -->
