<?xml version="1.0" encoding="UTF-8"?>
<!-- Generated by org.testng.reporters.JUnitReportReporter -->
<testsuite hostname="KAVINESH-PC" name="testCase_GeneralStudies_Geography.Tamilnadu_TaseCase" tests="1" failures="0" timestamp="24 Jun 2021 18:20:56 GMT" time="1.123" errors="0">
  <testcase name="Tamilnadu" time="1.123" classname="testCase_GeneralStudies_Geography.Tamilnadu_TaseCase"/>
</testsuite> <!-- testCase_GeneralStudies_Geography.Tamilnadu_TaseCase -->
