<?xml version="1.0" encoding="UTF-8"?>
<!-- Generated by org.testng.reporters.JUnitReportReporter -->
<testsuite hostname="KAVINESH-PC" name="testCase_BookbackQuestion.Science_8th_Standard_TestCase" tests="1" failures="0" timestamp="24 Jun 2021 18:12:37 GMT" time="0.294" errors="0">
  <testcase name="Science_8th_Standard" time="0.294" classname="testCase_BookbackQuestion.Science_8th_Standard_TestCase"/>
</testsuite> <!-- testCase_BookbackQuestion.Science_8th_Standard_TestCase -->
