<?xml version="1.0" encoding="UTF-8"?>
<!-- Generated by org.testng.reporters.JUnitReportReporter -->
<testsuite hostname="KAVINESH-PC" name="testCase_PreviousYearQuestionPapers.Question_1_2016_TestCase" tests="1" failures="0" timestamp="24 Jun 2021 18:48:10 GMT" time="8.187" errors="0">
  <testcase name="Question_1_2016" time="8.187" classname="testCase_PreviousYearQuestionPapers.Question_1_2016_TestCase"/>
</testsuite> <!-- testCase_PreviousYearQuestionPapers.Question_1_2016_TestCase -->
