<?xml version="1.0" encoding="UTF-8"?>
<!-- Generated by org.testng.reporters.JUnitReportReporter -->
<testsuite hostname="KAVINESH-PC" name="testCase_GeneralStudies_Politics.ConstitutionofIndia_TestCase" tests="1" failures="0" timestamp="24 Jun 2021 18:29:48 GMT" time="14.704" errors="0">
  <testcase name="ConstitutionofIndia" time="14.704" classname="testCase_GeneralStudies_Politics.ConstitutionofIndia_TestCase"/>
</testsuite> <!-- testCase_GeneralStudies_Politics.ConstitutionofIndia_TestCase -->
