<?xml version="1.0" encoding="UTF-8"?>
<!-- Generated by org.testng.reporters.JUnitReportReporter -->
<testsuite hostname="KAVINESH-PC" name="testCase_LanguageMaterial_PartA.IdiomsPhrasesandtheirmeanings_TestCase" tests="1" failures="0" timestamp="24 Jun 2021 18:41:36 GMT" time="3.952" errors="0">
  <testcase name="IdiomsPhrasesandtheirmeanings" time="3.952" classname="testCase_LanguageMaterial_PartA.IdiomsPhrasesandtheirmeanings_TestCase"/>
</testsuite> <!-- testCase_LanguageMaterial_PartA.IdiomsPhrasesandtheirmeanings_TestCase -->
