<?xml version="1.0" encoding="UTF-8"?>
<!-- Generated by org.testng.reporters.JUnitReportReporter -->
<testsuite hostname="KAVINESH-PC" name="testCase_GeneralStudies_Geography.WeatherMonsoonRainfall_TestCase" tests="1" failures="0" timestamp="24 Jun 2021 18:20:56 GMT" time="1.051" errors="0">
  <testcase name="WeatherMonsoonRainfall" time="1.051" classname="testCase_GeneralStudies_Geography.WeatherMonsoonRainfall_TestCase"/>
</testsuite> <!-- testCase_GeneralStudies_Geography.WeatherMonsoonRainfall_TestCase -->
