<?xml version="1.0" encoding="UTF-8"?>
<!-- Generated by org.testng.reporters.JUnitReportReporter -->
<testsuite hostname="KAVINESH-PC" name="testCase_GeneralStudies_Mathematics.Material_LCMandHCF_TestCase" tests="1" failures="0" timestamp="24 Jun 2021 18:25:21 GMT" time="1.266" errors="0">
  <testcase name="LCMandHCF" time="1.266" classname="testCase_GeneralStudies_Mathematics.Material_LCMandHCF_TestCase"/>
</testsuite> <!-- testCase_GeneralStudies_Mathematics.Material_LCMandHCF_TestCase -->
