<?xml version="1.0" encoding="UTF-8"?>
<!-- Generated by org.testng.reporters.JUnitReportReporter -->
<testsuite hostname="KAVINESH-PC" name="testCase_LanguageMaterial_PartB.ImportantlinesfromPoems_TestCase" tests="1" failures="0" timestamp="24 Jun 2021 18:44:34 GMT" time="2.244" errors="0">
  <testcase name="ImportantlinesfromPoems" time="2.244" classname="testCase_LanguageMaterial_PartB.ImportantlinesfromPoems_TestCase"/>
</testsuite> <!-- testCase_LanguageMaterial_PartB.ImportantlinesfromPoems_TestCase -->
