<?xml version="1.0" encoding="UTF-8"?>
<!-- Generated by org.testng.reporters.JUnitReportReporter -->
<testsuite hostname="KAVINESH-PC" name="testCase_GeneralStudies_Economics.NatureofIndianEconomy_TestCase" tests="1" failures="0" timestamp="24 Jun 2021 18:19:01 GMT" time="11.263" errors="0">
  <testcase name="NatureofIndianEconomy" time="11.263" classname="testCase_GeneralStudies_Economics.NatureofIndianEconomy_TestCase"/>
</testsuite> <!-- testCase_GeneralStudies_Economics.NatureofIndianEconomy_TestCase -->
