<?xml version="1.0" encoding="UTF-8"?>
<!-- Generated by org.testng.reporters.JUnitReportReporter -->
<testsuite hostname="KAVINESH-PC" name="objectDetails_LanguageMaterial_PartA_TestCase.Preposition_TestCase" tests="1" failures="0" timestamp="22 Jun 2021 11:44:59 GMT" time="40.383" errors="0">
  <testcase name="Preposition" time="40.383" classname="objectDetails_LanguageMaterial_PartA_TestCase.Preposition_TestCase"/>
</testsuite> <!-- objectDetails_LanguageMaterial_PartA_TestCase.Preposition_TestCase -->
