<?xml version="1.0" encoding="UTF-8"?>
<!-- Generated by org.testng.reporters.JUnitReportReporter -->
<testsuite hostname="KAVINESH-PC" name="testCase_GeneralStudies_Science.Magnetism_TestCase" tests="1" failures="0" timestamp="24 Jun 2021 18:31:41 GMT" time="1.183" errors="0">
  <testcase name="Magnetism" time="1.183" classname="testCase_GeneralStudies_Science.Magnetism_TestCase"/>
</testsuite> <!-- testCase_GeneralStudies_Science.Magnetism_TestCase -->
