<?xml version="1.0" encoding="UTF-8"?>
<!-- Generated by org.testng.reporters.JUnitReportReporter -->
<testsuite hostname="KAVINESH-PC" name="testCase_GeneralStudies_Mathematics.Material_PuzzleTest_TestCase" tests="1" failures="0" timestamp="24 Jun 2021 18:25:21 GMT" time="1.029" errors="0">
  <testcase name="PuzzleTest" time="1.029" classname="testCase_GeneralStudies_Mathematics.Material_PuzzleTest_TestCase"/>
</testsuite> <!-- testCase_GeneralStudies_Mathematics.Material_PuzzleTest_TestCase -->
