<?xml version="1.0" encoding="UTF-8"?>
<!-- Generated by org.testng.reporters.JUnitReportReporter -->
<testsuite hostname="KAVINESH-PC" name="testCase_LanguageMaterial_PartC.CharacterQuotesandImportantLines_TestCase" tests="1" failures="0" timestamp="24 Jun 2021 18:46:36 GMT" time="1.103" errors="0">
  <testcase name="CharacterQuotesandImportantLines" time="1.103" classname="testCase_LanguageMaterial_PartC.CharacterQuotesandImportantLines_TestCase"/>
</testsuite> <!-- testCase_LanguageMaterial_PartC.CharacterQuotesandImportantLines_TestCase -->
