<?xml version="1.0" encoding="UTF-8"?>
<!-- Generated by org.testng.reporters.JUnitReportReporter -->
<testsuite hostname="KAVINESH-PC" name="testCase_GeneralStudies_Science.Human_Diseases_including_communicable_diseases_preventionandremedies_TestCase" tests="1" failures="0" timestamp="24 Jun 2021 18:31:41 GMT" time="1.300" errors="0">
  <testcase name="Human_Diseases_including_communicable_diseases_preventionandremedies" time="1.300" classname="testCase_GeneralStudies_Science.Human_Diseases_including_communicable_diseases_preventionandremedies_TestCase"/>
</testsuite> <!-- testCase_GeneralStudies_Science.Human_Diseases_including_communicable_diseases_preventionandremedies_TestCase -->
