<?xml version="1.0" encoding="UTF-8"?>
<!-- Generated by org.testng.reporters.JUnitReportReporter -->
<testsuite hostname="KAVINESH-PC" name="testCase_GeneralStudies_Politics.IndianConstitutionArticles_TestCase" tests="1" failures="0" timestamp="24 Jun 2021 18:29:48 GMT" time="1.017" errors="0">
  <testcase name="IndianConstitutionArticles" time="1.017" classname="testCase_GeneralStudies_Politics.IndianConstitutionArticles_TestCase"/>
</testsuite> <!-- testCase_GeneralStudies_Politics.IndianConstitutionArticles_TestCase -->
