<?xml version="1.0" encoding="UTF-8"?>
<!-- Generated by org.testng.reporters.JUnitReportReporter -->
<testsuite hostname="KAVINESH-PC" name="chrome.NewTest" tests="2" failures="0" timestamp="4 May 2021 11:34:38 GMT" time="0.032" errors="0">
  <testcase name="test1" time="0.024" classname="chrome.NewTest"/>
  <testcase name="test2" time="0.008" classname="chrome.NewTest"/>
</testsuite> <!-- chrome.NewTest -->
